mode: set
github.com\jglouis\hexcoordinate\pixel..go:13.42,15.2 1 0
github.com\jglouis\hexcoordinate\hex.go:9.21,10.11 1 1
github.com\jglouis\hexcoordinate\hex.go:13.2,13.10 1 1
github.com\jglouis\hexcoordinate\hex.go:10.11,12.3 1 1
github.com\jglouis\hexcoordinate\hex.go:19.37,21.2 1 1
github.com\jglouis\hexcoordinate\hex.go:28.33,30.2 1 1
github.com\jglouis\hexcoordinate\hex.go:33.37,34.23 1 1
github.com\jglouis\hexcoordinate\hex.go:38.2,38.8 1 1
github.com\jglouis\hexcoordinate\hex.go:34.23,37.3 2 1
github.com\jglouis\hexcoordinate\hex.go:42.42,49.11 4 1
github.com\jglouis\hexcoordinate\hex.go:52.2,52.16 1 1
github.com\jglouis\hexcoordinate\hex.go:60.2,60.19 1 1
github.com\jglouis\hexcoordinate\hex.go:64.2,64.21 1 1
github.com\jglouis\hexcoordinate\hex.go:49.11,51.3 1 1
github.com\jglouis\hexcoordinate\hex.go:53.2,54.20 1 1
github.com\jglouis\hexcoordinate\hex.go:55.2,56.20 1 1
github.com\jglouis\hexcoordinate\hex.go:60.19,62.3 1 1
github.com\jglouis\hexcoordinate\hex.go:68.45,83.2 11 1
github.com\jglouis\hexcoordinate\hex.go:86.36,88.2 1 1
github.com\jglouis\hexcoordinate\hex.go:114.38,116.2 1 1
github.com\jglouis\hexcoordinate\hex.go:119.52,121.2 1 1
github.com\jglouis\hexcoordinate\hex.go:124.50,128.2 3 1
github.com\jglouis\hexcoordinate\hex.go:131.50,135.2 3 1
github.com\jglouis\hexcoordinate\hex.go:137.27,139.2 1 1
github.com\jglouis\hexcoordinate\orientation_string.go:11.38,12.58 1 1
github.com\jglouis\hexcoordinate\orientation_string.go:15.2,15.73 1 1
github.com\jglouis\hexcoordinate\orientation_string.go:12.58,14.3 1 1
